# JRE version: Java(TM) SE Runtime Environment (8.0_191-b12) (build 1.8.0_191-b12)
# Java VM: Java HotSpot(TM) Client VM (25.191-b12 mixed mode windows-x86 )
Heap:
 def new generation   total 157248K, used 157247K [0x05a00000, 0x104a0000, 0x104a0000)
  eden space 139776K,  99% used [0x05a00000, 0x0e27fff8, 0x0e280000)
  from space 17472K,  99% used [0x0f390000, 0x1049fff8, 0x104a0000)
  to   space 17472K,   0% used [0x0e280000, 0x0e280000, 0x0f390000)
 tenured generation   total 349568K, used 349567K [0x104a0000, 0x25a00000, 0x25a00000)
   the space 349568K,  99% used [0x104a0000, 0x259fffe8, 0x25a00000, 0x25a00000)
 Metaspace       used 21866K, capacity 22367K, committed 22528K, reserved 22912K
GC Heap History (10 events):
Event: 1129.926 GC heap before
{Heap before GC invocations=20196 (full 20150):
 def new generation   total 157248K, used 157247K [0x05a00000, 0x104a0000, 0x104a0000)
  eden space 139776K,  99% used [0x05a00000, 0x0e27fff8, 0x0e280000)
  from space 17472K,  99% used [0x0f390000, 0x1049ffb0, 0x104a0000)
  to   space 17472K,   0% used [0x0e280000, 0x0e280000, 0x0f390000)
 tenured generation   total 349568K, used 349567K [0x104a0000, 0x25a00000, 0x25a00000)
   the space 349568K,  99% used [0x104a0000, 0x259ffff8, 0x25a00000, 0x25a00000)
 Metaspace       used 21866K, capacity 22367K, committed 22528K, reserved 22912K
Event: 1129.973 GC heap after
Heap after GC invocations=20197 (full 20151):
 def new generation   total 157248K, used 157247K [0x05a00000, 0x104a0000, 0x104a0000)
  eden space 139776K,  99% used [0x05a00000, 0x0e27fff8, 0x0e280000)
  from space 17472K,  99% used [0x0f390000, 0x1049ffb0, 0x104a0000)
  to   space 17472K,   0% used [0x0e280000, 0x0e280000, 0x0f390000)
 tenured generation   total 349568K, used 349567K [0x104a0000, 0x25a00000, 0x25a00000)
   the space 349568K,  99% used [0x104a0000, 0x259ffff8, 0x25a00000, 0x25a00000)
 Metaspace       used 21866K, capacity 22367K, committed 22528K, reserved 22912K
}
Event: 1129.973 GC heap before
{Heap before GC invocations=20197 (full 20151):
 def new generation   total 157248K, used 157247K [0x05a00000, 0x104a0000, 0x104a0000)
  eden space 139776K,  99% used [0x05a00000, 0x0e27fff8, 0x0e280000)
  from space 17472K,  99% used [0x0f390000, 0x1049ffb0, 0x104a0000)
  to   space 17472K,   0% used [0x0e280000, 0x0e280000, 0x0f390000)
 tenured generation   total 349568K, used 349567K [0x104a0000, 0x25a00000, 0x25a00000)
   the space 349568K,  99% used [0x104a0000, 0x259ffff8, 0x25a00000, 0x25a00000)
 Metaspace       used 21866K, capacity 22367K, committed 22528K, reserved 22912K
Event: 1130.019 GC heap after
Heap after GC invocations=20198 (full 20152):
 def new generation   total 157248K, used 157247K [0x05a00000, 0x104a0000, 0x104a0000)
  eden space 139776K,  99% used [0x05a00000, 0x0e27fff8, 0x0e280000)
  from space 17472K,  99% used [0x0f390000, 0x1049ffb0, 0x104a0000)
  to   space 17472K,   0% used [0x0e280000, 0x0e280000, 0x0f390000)
 tenured generation   total 349568K, used 349567K [0x104a0000, 0x25a00000, 0x25a00000)
   the space 349568K,  99% used [0x104a0000, 0x259ffff8, 0x25a00000, 0x25a00000)
 Metaspace       used 21866K, capacity 22367K, committed 22528K, reserved 22912K
}
Event: 1130.019 GC heap before
{Heap before GC invocations=20198 (full 20152):
 def new generation   total 157248K, used 157247K [0x05a00000, 0x104a0000, 0x104a0000)
  eden space 139776K,  99% used [0x05a00000, 0x0e27fff8, 0x0e280000)
  from space 17472K,  99% used [0x0f390000, 0x1049fff0, 0x104a0000)
  to   space 17472K,   0% used [0x0e280000, 0x0e280000, 0x0f390000)
 tenured generation   total 349568K, used 349567K [0x104a0000, 0x25a00000, 0x25a00000)
   the space 349568K,  99% used [0x104a0000, 0x259ffff8, 0x25a00000, 0x25a00000)
 Metaspace       used 21866K, capacity 22367K, committed 22528K, reserved 22912K
Event: 1130.065 GC heap after
Heap after GC invocations=20199 (full 20153):
 def new generation   total 157248K, used 157247K [0x05a00000, 0x104a0000, 0x104a0000)
  eden space 139776K,  99% used [0x05a00000, 0x0e27fff8, 0x0e280000)
  from space 17472K,  99% used [0x0f390000, 0x1049fff0, 0x104a0000)
  to   space 17472K,   0% used [0x0e280000, 0x0e280000, 0x0f390000)
 tenured generation   total 349568K, used 349567K [0x104a0000, 0x25a00000, 0x25a00000)
   the space 349568K,  99% used [0x104a0000, 0x259ffff8, 0x25a00000, 0x25a00000)
 Metaspace       used 21866K, capacity 22367K, committed 22528K, reserved 22912K
}
Event: 1130.065 GC heap before
{Heap before GC invocations=20199 (full 20153):
 def new generation   total 157248K, used 157247K [0x05a00000, 0x104a0000, 0x104a0000)
  eden space 139776K,  99% used [0x05a00000, 0x0e27fff8, 0x0e280000)
  from space 17472K,  99% used [0x0f390000, 0x1049fff0, 0x104a0000)
  to   space 17472K,   0% used [0x0e280000, 0x0e280000, 0x0f390000)
 tenured generation   total 349568K, used 349567K [0x104a0000, 0x25a00000, 0x25a00000)
   the space 349568K,  99% used [0x104a0000, 0x259ffff8, 0x25a00000, 0x25a00000)
 Metaspace       used 21866K, capacity 22367K, committed 22528K, reserved 22912K
Event: 1130.112 GC heap after
Heap after GC invocations=20200 (full 20154):
 def new generation   total 157248K, used 157247K [0x05a00000, 0x104a0000, 0x104a0000)
  eden space 139776K,  99% used [0x05a00000, 0x0e27fff8, 0x0e280000)
  from space 17472K,  99% used [0x0f390000, 0x1049fff0, 0x104a0000)
  to   space 17472K,   0% used [0x0e280000, 0x0e280000, 0x0f390000)
 tenured generation   total 349568K, used 349567K [0x104a0000, 0x25a00000, 0x25a00000)
   the space 349568K,  99% used [0x104a0000, 0x259fffe8, 0x25a00000, 0x25a00000)
 Metaspace       used 21866K, capacity 22367K, committed 22528K, reserved 22912K
}
Event: 1130.112 GC heap before
{Heap before GC invocations=20200 (full 20154):
 def new generation   total 157248K, used 157247K [0x05a00000, 0x104a0000, 0x104a0000)
  eden space 139776K,  99% used [0x05a00000, 0x0e27fff8, 0x0e280000)
  from space 17472K, 100% used [0x0f390000, 0x104a0000, 0x104a0000)
  to   space 17472K,   0% used [0x0e280000, 0x0e280000, 0x0f390000)
 tenured generation   total 349568K, used 349567K [0x104a0000, 0x25a00000, 0x25a00000)
   the space 349568K,  99% used [0x104a0000, 0x259fffe8, 0x25a00000, 0x25a00000)
 Metaspace       used 21866K, capacity 22367K, committed 22528K, reserved 22912K
Event: 1130.159 GC heap after
Heap after GC invocations=20201 (full 20155):
 def new generation   total 157248K, used 157247K [0x05a00000, 0x104a0000, 0x104a0000)
  eden space 139776K,  99% used [0x05a00000, 0x0e27fff8, 0x0e280000)
  from space 17472K,  99% used [0x0f390000, 0x1049ffc0, 0x104a0000)
  to   space 17472K,   0% used [0x0e280000, 0x0e280000, 0x0f390000)
 tenured generation   total 349568K, used 349567K [0x104a0000, 0x25a00000, 0x25a00000)
   the space 349568K,  99% used [0x104a0000, 0x259fffe8, 0x25a00000, 0x25a00000)
 Metaspace       used 21866K, capacity 22367K, committed 22528K, reserved 22912K
}

